<?xml version="1.0" encoding="UTF-8"?>
<testsuite xmlns:xsi="http://www.w3.org/2001/XMLSchema-instance" xsi:noNamespaceSchemaLocation="https://maven.apache.org/surefire/maven-surefire-plugin/xsd/surefire-test-report-3.0.xsd" version="3.0" name="com.example.chronos.WorkerServiceApplicationTests" time="8.891" tests="1" errors="0" skipped="0" failures="0">
  <properties>
[...]
</properties>
  <testcase name="contextLoads" classname="com.example.chronos.WorkerServiceApplicationTests" time="0.027">
    <system-out><![CDATA[13:09:09.933 [main] INFO org.springframework.test.context.support.AnnotationConfigContextLoaderUtils -- Could not detect default configuration classes for test class [com.example.chronos.WorkerServiceApplicationTests]: WorkerServiceApplicationTests does not declare any static, non-private, non-final, nested classes annotated with @Configuration.
13:09:10.094 [main] INFO org.springframework.boot.test.context.SpringBootTestContextBootstrapper -- Found @SpringBootConfiguration com.example.chronos.WorkerServiceApplication for test class com.example.chronos.WorkerServiceApplicationTests

  .   ____          _            __ _ _
 /\\ / ___'_ __ _ _(_)_ __  __ _ \ \ \ \
( ( )\___ | '_ | '_| | '_ \/ _` | \ \ \ \
 \\/  ___)| |_)| | | | | || (_| |  ) ) ) )
  '  |____| .__|_| |_|_| |_\__, | / / / /
 =========|_|==============|___/=/_/_/_/

 :: Spring Boot ::                (v3.3.4)

2025-11-23T13:09:10.739+05:30  INFO 15972 --- [           main] c.e.c.WorkerServiceApplicationTests      : Starting WorkerServiceApplicationTests using Java 21.0.6 with PID 15972 (started by HP in C:\Users\HP\OneDrive\Documents\AirTribe\Job Scheduler\worker-service)
2025-11-23T13:09:10.749+05:30  INFO 15972 --- [           main] c.e.c.WorkerServiceApplicationTests      : The following 1 profile is active: "test"
2025-11-23T13:09:12.260+05:30  INFO 15972 --- [           main] .s.d.r.c.RepositoryConfigurationDelegate : Bootstrapping Spring Data JPA repositories in DEFAULT mode.
2025-11-23T13:09:12.465+05:30  INFO 15972 --- [           main] .s.d.r.c.RepositoryConfigurationDelegate : Finished Spring Data repository scanning in 192 ms. Found 1 JPA repository interface.
2025-11-23T13:09:13.518+05:30  INFO 15972 --- [           main] o.hibernate.jpa.internal.util.LogHelper  : HHH000204: Processing PersistenceUnitInfo [name: default]
2025-11-23T13:09:13.614+05:30  INFO 15972 --- [           main] org.hibernate.Version                    : HHH000412: Hibernate ORM core version 6.5.3.Final
2025-11-23T13:09:13.662+05:30  INFO 15972 --- [           main] o.h.c.internal.RegionFactoryInitiator    : HHH000026: Second-level cache disabled
2025-11-23T13:09:13.810+05:30  INFO 15972 --- [           main] o.s.o.j.p.SpringPersistenceUnitInfo      : No LoadTimeWeaver setup: ignoring JPA class transformer
2025-11-23T13:09:13.842+05:30  INFO 15972 --- [           main] com.zaxxer.hikari.HikariDataSource       : HikariPool-1 - Starting...
2025-11-23T13:09:14.045+05:30  INFO 15972 --- [           main] com.zaxxer.hikari.pool.HikariPool        : HikariPool-1 - Added connection conn0: url=jdbc:h2:mem:workerdb user=SA
2025-11-23T13:09:14.045+05:30  INFO 15972 --- [           main] com.zaxxer.hikari.HikariDataSource       : HikariPool-1 - Start completed.
2025-11-23T13:09:14.076+05:30  WARN 15972 --- [           main] org.hibernate.orm.deprecation            : HHH90000025: H2Dialect does not need to be specified explicitly using 'hibernate.dialect' (remove the property setting and it will be selected by default)
2025-11-23T13:09:15.059+05:30  INFO 15972 --- [           main] o.h.e.t.j.p.i.JtaPlatformInitiator       : HHH000489: No JTA platform available (set 'hibernate.transaction.jta.platform' to enable JTA platform integration)
2025-11-23T13:09:15.078+05:30 DEBUG 15972 --- [           main] org.hibernate.SQL                        : 
    drop table if exists jobs cascade 
2025-11-23T13:09:15.085+05:30 DEBUG 15972 --- [           main] org.hibernate.SQL                        : 
    create table jobs (
        max_retries integer not null,
        priority integer not null,
        retry_count integer not null,
        timeout_seconds integer not null,
        backoff_seconds bigint not null,
        created_at timestamp(6) with time zone,
        id bigint generated by default as identity,
        next_run_at timestamp(6) with time zone,
        updated_at timestamp(6) with time zone,
        headers_json varchar(1000),
        target_url varchar(1000) not null,
        request_body varchar(4000),
        created_by varchar(255),
        cron_expression varchar(255),
        external_id varchar(255) not null unique,
        last_error TEXT,
        name varchar(255) not null,
        webhook_url varchar(255),
        http_method enum ('DELETE','GET','POST','PUT') not null,
        status enum ('CANCELLED','COMPLETED','FAILED','PAUSED','PENDING','RUNNING','SCHEDULED') not null,
        primary key (id)
    )
2025-11-23T13:09:15.104+05:30  INFO 15972 --- [           main] j.LocalContainerEntityManagerFactoryBean : Initialized JPA EntityManagerFactory for persistence unit 'default'
2025-11-23T13:09:16.424+05:30  WARN 15972 --- [           main] JpaBaseConfiguration$JpaWebConfiguration : spring.jpa.open-in-view is enabled by default. Therefore, database queries may be performed during view rendering. Explicitly configure spring.jpa.open-in-view to disable this warning
2025-11-23T13:09:17.894+05:30  INFO 15972 --- [           main] o.s.b.a.e.web.EndpointLinksResolver      : Exposing 2 endpoints beneath base path '/actuator'
2025-11-23T13:09:18.454+05:30  INFO 15972 --- [           main] o.s.a.r.c.CachingConnectionFactory       : Attempting to connect to: [localhost:5672]
2025-11-23T13:09:18.467+05:30  INFO 15972 --- [           main] o.s.a.r.l.SimpleMessageListenerContainer : Broker not available; cannot force queue declarations during start: java.net.ConnectException: Connection refused: getsockopt
2025-11-23T13:09:18.478+05:30  INFO 15972 --- [ntContainer#0-1] o.s.a.r.c.CachingConnectionFactory       : Attempting to connect to: [localhost:5672]
2025-11-23T13:09:18.500+05:30  INFO 15972 --- [           main] c.e.c.WorkerServiceApplicationTests      : Started WorkerServiceApplicationTests in 8.167 seconds (process running for 11.22)
]]></system-out>
  </testcase>
</testsuite>